2022-05-23 14:30:04.635 [INFO ] [main] Logs - clicked successfully
2022-05-23 14:30:07.867 [INFO ] [main] Logs - clicked successfully
2022-05-23 14:30:14.393 [INFO ] [main] Logs - clicked successfully
2022-05-23 14:30:22.910 [INFO ] [main] Logs - successfully clicked
2022-05-23 14:30:26.284 [INFO ] [main] Logs - successfully closed
2022-05-23 14:30:28.000 [INFO ] [main] Logs - successfully clicked
2022-05-23 14:30:28.383 [INFO ] [main] Logs - entered successfully
2022-05-23 14:30:31.442 [INFO ] [main] Logs - successfully got
2022-05-23 14:30:31.696 [INFO ] [main] Logs - successfully hovered
2022-05-23 14:30:34.578 [INFO ] [main] Logs - successfully checked
2022-05-23 14:30:36.631 [INFO ] [main] Logs - successfully got
2022-05-23 14:30:39.407 [INFO ] [main] Logs - successfully entered
2022-05-23 14:30:41.559 [INFO ] [main] Logs - successfully clicked
2022-05-23 14:30:47.134 [INFO ] [main] Logs - clicked successfully
2022-05-23 14:30:47.354 [INFO ] [main] Logs - hovered successfully
2022-05-23 14:30:47.575 [INFO ] [main] Logs - choosed successfully
2022-05-23 14:30:47.688 [INFO ] [main] Logs - got successfully
2022-05-23 14:30:48.437 [INFO ] [main] Logs - selected successfully
2022-05-23 14:30:48.624 [INFO ] [main] Logs - clicked successfully
2022-05-23 14:30:48.643 [INFO ] [main] Logs - title got successfully
2022-05-23 14:30:48.886 [INFO ] [main] Logs - entered receipnt name
2022-05-23 14:30:49.079 [INFO ] [main] Logs - entered receipnt mail
2022-05-23 14:30:49.306 [INFO ] [main] Logs - entered customer name
2022-05-23 14:30:49.528 [INFO ] [main] Logs - entered customer mail
2022-05-23 14:30:49.817 [INFO ] [main] Logs - entered phone no
2022-05-23 14:30:49.846 [INFO ] [main] Logs - clicked
2022-05-23 14:30:59.406 [INFO ] [main] Logs - clicked successfully
2022-05-23 14:30:59.594 [INFO ] [main] Logs - hovered successfully
2022-05-23 14:30:59.853 [INFO ] [main] Logs - choosed successfully
2022-05-23 14:30:59.956 [INFO ] [main] Logs - got successfully
2022-05-23 14:31:00.718 [INFO ] [main] Logs - selected successfully
2022-05-23 14:31:00.866 [INFO ] [main] Logs - clicked successfully
2022-05-23 14:31:00.881 [INFO ] [main] Logs - title got successfully
2022-05-23 14:31:01.058 [INFO ] [main] Logs - entered receipnt name
2022-05-23 14:31:01.249 [INFO ] [main] Logs - entered receipnt mail
2022-05-23 14:31:01.432 [INFO ] [main] Logs - entered customer name
2022-05-23 14:31:01.739 [INFO ] [main] Logs - entered customer mail
2022-05-23 14:31:01.938 [INFO ] [main] Logs - entered phone no
2022-05-23 14:31:01.986 [INFO ] [main] Logs - clicked
2022-05-23 14:31:07.815 [INFO ] [main] Logs - clicked successfully
2022-05-23 14:31:08.752 [DEBUG] [main] Logs - clicked  successfully
2022-05-23 14:31:08.824 [INFO ] [main] Logs - got successfully
2022-05-23 14:31:15.645 [INFO ] [main] Logs - hover successfully
2022-05-23 14:31:20.682 [INFO ] [main] Logs - clicked successfully
2022-05-23 14:31:23.879 [INFO ] [main] Logs - closed successfully
2022-05-23 14:31:24.279 [INFO ] [main] Logs - hovered successfully
2022-05-23 14:31:25.985 [INFO ] [main] Logs - addedd on cart successfully
2022-05-23 14:31:30.022 [INFO ] [main] Logs - added successfully
2022-05-23 14:31:33.200 [INFO ] [main] Logs - quantity selected successfully
2022-05-23 14:31:33.395 [INFO ] [main] Logs - text got successfully
2022-05-23 14:31:33.630 [INFO ] [main] Logs - checkout successfully
2022-05-23 14:31:36.976 [INFO ] [main] Logs - checkout successfully
2022-05-23 14:31:37.192 [INFO ] [main] Logs - sent successfully
2022-05-23 14:31:37.395 [INFO ] [main] Logs - sent successfully
2022-05-23 14:31:37.534 [INFO ] [main] Logs - sent successfully
2022-05-23 14:31:37.720 [INFO ] [main] Logs - sent successfully
2022-05-23 14:31:44.072 [DEBUG] [main] Logs - clicked successfully
2022-05-23 14:31:44.257 [DEBUG] [main] Logs - verified text
2022-05-23 14:31:45.361 [DEBUG] [main] Logs - clicked on customer stories
2022-05-23 14:31:45.420 [DEBUG] [main] Logs - successfully got customer response
2022-05-23 14:31:53.408 [DEBUG] [main] Logs - clicked successfully
2022-05-23 14:31:56.804 [DEBUG] [main] Logs - text sended successfully
2022-05-23 14:32:12.820 [INFO ] [main] Logs - entered successfully
2022-05-23 14:32:16.218 [DEBUG] [main] Logs - popup closed successfully
2022-05-23 14:32:19.759 [INFO ] [main] Logs - verified successfully
2022-05-23 14:32:21.059 [INFO ] [main] Logs - hovered successfully
2022-05-23 14:32:24.179 [INFO ] [main] Logs - clicked successfully
2022-05-23 14:32:27.529 [INFO ] [main] Logs - sent successfully
2022-05-23 14:32:27.730 [INFO ] [main] Logs - sent successfully
2022-05-23 14:32:28.685 [INFO ] [main] Logs - clicked successfully
2022-05-23 14:32:30.748 [INFO ] [main] Logs - got successfully
2022-05-23 14:32:32.910 [INFO ] [main] Logs - clicked successfully
2022-05-23 14:32:33.000 [INFO ] [main] Logs - got successfully
2022-05-23 14:32:37.390 [INFO ] [main] Logs - hovered successfully
2022-05-23 14:32:42.049 [INFO ] [main] Logs - clicked successfully
2022-05-23 14:32:45.093 [DEBUG] [main] Logs - popup closed successfully
2022-05-23 14:32:45.093 [INFO ] [main] Logs - closed successfully
2022-05-23 14:32:45.476 [INFO ] [main] Logs - hovered successfully
2022-05-23 14:32:45.815 [INFO ] [main] Logs - clicked successfully
2022-05-23 14:32:48.877 [INFO ] [main] Logs - got successfully
2022-05-23 14:33:02.090 [INFO ] [main] Logs - clicked successfully
2022-05-23 14:33:04.258 [INFO ] [main] Logs - clicked successfully
2022-05-23 14:33:10.271 [INFO ] [main] Logs - clicked successfully
2022-05-23 14:33:14.216 [INFO ] [main] Logs - clicked successfully
2022-05-23 14:33:15.540 [INFO ] [main] Logs - title got  successfully
