2022-05-23 16:17:06.649 [INFO ] [main] Logs - clicked successfully
2022-05-23 16:17:09.807 [INFO ] [main] Logs - clicked successfully
2022-05-23 16:17:15.884 [INFO ] [main] Logs - clicked successfully
2022-05-23 16:17:25.371 [INFO ] [main] Logs - successfully clicked
2022-05-23 16:17:28.654 [INFO ] [main] Logs - successfully closed
2022-05-23 16:17:30.015 [INFO ] [main] Logs - successfully clicked
2022-05-23 16:17:30.340 [INFO ] [main] Logs - entered successfully
2022-05-23 16:17:33.400 [INFO ] [main] Logs - successfully got
2022-05-23 16:17:33.607 [INFO ] [main] Logs - successfully hovered
2022-05-23 16:17:36.242 [INFO ] [main] Logs - successfully checked
2022-05-23 16:17:38.296 [INFO ] [main] Logs - successfully got
2022-05-23 16:17:40.873 [INFO ] [main] Logs - successfully entered
2022-05-23 16:17:43.000 [INFO ] [main] Logs - successfully clicked
2022-05-23 16:17:49.599 [INFO ] [main] Logs - clicked successfully
2022-05-23 16:17:49.819 [INFO ] [main] Logs - hovered successfully
2022-05-23 16:17:49.974 [INFO ] [main] Logs - choosed successfully
2022-05-23 16:17:50.082 [INFO ] [main] Logs - got successfully
2022-05-23 16:17:50.757 [INFO ] [main] Logs - selected successfully
2022-05-23 16:17:50.844 [INFO ] [main] Logs - clicked successfully
2022-05-23 16:17:50.856 [INFO ] [main] Logs - title got successfully
2022-05-23 16:17:51.016 [INFO ] [main] Logs - entered receipnt name
2022-05-23 16:17:51.155 [INFO ] [main] Logs - entered receipnt mail
2022-05-23 16:17:51.324 [INFO ] [main] Logs - entered customer name
2022-05-23 16:17:51.529 [INFO ] [main] Logs - entered customer mail
2022-05-23 16:17:51.671 [INFO ] [main] Logs - entered phone no
2022-05-23 16:17:51.711 [INFO ] [main] Logs - clicked
2022-05-23 16:17:58.829 [INFO ] [main] Logs - clicked successfully
2022-05-23 16:17:59.073 [INFO ] [main] Logs - hovered successfully
2022-05-23 16:17:59.265 [INFO ] [main] Logs - choosed successfully
2022-05-23 16:17:59.354 [INFO ] [main] Logs - got successfully
2022-05-23 16:17:59.933 [INFO ] [main] Logs - selected successfully
2022-05-23 16:18:00.060 [INFO ] [main] Logs - clicked successfully
2022-05-23 16:18:00.071 [INFO ] [main] Logs - title got successfully
2022-05-23 16:18:00.230 [INFO ] [main] Logs - entered receipnt name
2022-05-23 16:18:00.360 [INFO ] [main] Logs - entered receipnt mail
2022-05-23 16:18:00.583 [INFO ] [main] Logs - entered customer name
2022-05-23 16:18:00.761 [INFO ] [main] Logs - entered customer mail
2022-05-23 16:18:00.920 [INFO ] [main] Logs - entered phone no
2022-05-23 16:18:00.965 [INFO ] [main] Logs - clicked
2022-05-23 16:18:05.981 [INFO ] [main] Logs - clicked successfully
2022-05-23 16:18:06.740 [DEBUG] [main] Logs - clicked  successfully
2022-05-23 16:18:06.780 [INFO ] [main] Logs - got successfully
2022-05-23 16:18:14.081 [INFO ] [main] Logs - hover successfully
2022-05-23 16:18:18.610 [INFO ] [main] Logs - clicked successfully
2022-05-23 16:18:21.702 [INFO ] [main] Logs - closed successfully
2022-05-23 16:18:21.939 [INFO ] [main] Logs - hovered successfully
2022-05-23 16:18:23.951 [INFO ] [main] Logs - addedd on cart successfully
2022-05-23 16:18:26.747 [INFO ] [main] Logs - added successfully
2022-05-23 16:18:29.944 [INFO ] [main] Logs - quantity selected successfully
2022-05-23 16:18:30.133 [INFO ] [main] Logs - text got successfully
2022-05-23 16:18:30.356 [INFO ] [main] Logs - checkout successfully
2022-05-23 16:18:34.136 [INFO ] [main] Logs - checkout successfully
2022-05-23 16:18:34.480 [INFO ] [main] Logs - sent successfully
2022-05-23 16:18:34.654 [INFO ] [main] Logs - sent successfully
2022-05-23 16:18:34.786 [INFO ] [main] Logs - sent successfully
2022-05-23 16:18:35.055 [INFO ] [main] Logs - sent successfully
2022-05-23 16:18:49.444 [DEBUG] [main] Logs - clicked successfully
2022-05-23 16:18:49.697 [DEBUG] [main] Logs - verified text
2022-05-23 16:18:50.571 [DEBUG] [main] Logs - clicked on customer stories
2022-05-23 16:18:50.666 [DEBUG] [main] Logs - successfully got customer response
2022-05-23 16:19:01.644 [DEBUG] [main] Logs - clicked successfully
2022-05-23 16:19:04.756 [DEBUG] [main] Logs - text sended successfully
2022-05-23 16:19:09.641 [INFO ] [main] Logs - entered successfully
2022-05-23 16:19:12.900 [DEBUG] [main] Logs - popup closed successfully
2022-05-23 16:19:16.035 [INFO ] [main] Logs - verified successfully
2022-05-23 16:19:22.929 [INFO ] [main] Logs - hovered successfully
2022-05-23 16:19:40.473 [INFO ] [main] Logs - clicked successfully
